0 info it worked if it ends with ok
1 verbose cli [ '/usr/bin/nodejs', '/usr/bin/npm', 'run-script', 'production' ]
2 info using npm@3.5.2
3 info using node@v4.2.6
4 verbose run-script [ 'preproduction', 'production', 'postproduction' ]
5 info lifecycle node-sockjs-react-chat@1.0.0~preproduction: node-sockjs-react-chat@1.0.0
6 silly lifecycle node-sockjs-react-chat@1.0.0~preproduction: no script for preproduction, continuing
7 info lifecycle node-sockjs-react-chat@1.0.0~production: node-sockjs-react-chat@1.0.0
8 verbose lifecycle node-sockjs-react-chat@1.0.0~production: unsafe-perm in lifecycle true
9 verbose lifecycle node-sockjs-react-chat@1.0.0~production: PATH: /usr/share/npm/bin/node-gyp-bin:/home/trinch/node-react-sockjs-chat/node_modules/.bin:/home/trinch/bin:/home/trinch/.local/bin:/usr/local/sbin:/usr/local/bin:/usr/sbin:/usr/bin:/sbin:/bin:/usr/games:/usr/local/games:/snap/bin
10 verbose lifecycle node-sockjs-react-chat@1.0.0~production: CWD: /home/trinch/node-react-sockjs-chat
11 silly lifecycle node-sockjs-react-chat@1.0.0~production: Args: [ '-c',
11 silly lifecycle   'NODE_ENV=production npm run production-build && npm run production-run' ]
12 silly lifecycle node-sockjs-react-chat@1.0.0~production: Returned: code: 1  signal: null
13 info lifecycle node-sockjs-react-chat@1.0.0~production: Failed to exec production script
14 verbose stack Error: node-sockjs-react-chat@1.0.0 production: `NODE_ENV=production npm run production-build && npm run production-run`
14 verbose stack Exit status 1
14 verbose stack     at EventEmitter.<anonymous> (/usr/share/npm/lib/utils/lifecycle.js:232:16)
14 verbose stack     at emitTwo (events.js:87:13)
14 verbose stack     at EventEmitter.emit (events.js:172:7)
14 verbose stack     at ChildProcess.<anonymous> (/usr/share/npm/lib/utils/spawn.js:24:14)
14 verbose stack     at emitTwo (events.js:87:13)
14 verbose stack     at ChildProcess.emit (events.js:172:7)
14 verbose stack     at maybeClose (internal/child_process.js:821:16)
14 verbose stack     at Process.ChildProcess._handle.onexit (internal/child_process.js:211:5)
15 verbose pkgid node-sockjs-react-chat@1.0.0
16 verbose cwd /home/trinch/node-react-sockjs-chat
17 error Linux 4.4.0-59-generic
18 error argv "/usr/bin/nodejs" "/usr/bin/npm" "run-script" "production"
19 error node v4.2.6
20 error npm  v3.5.2
21 error code ELIFECYCLE
22 error node-sockjs-react-chat@1.0.0 production: `NODE_ENV=production npm run production-build && npm run production-run`
22 error Exit status 1
23 error Failed at the node-sockjs-react-chat@1.0.0 production script 'NODE_ENV=production npm run production-build && npm run production-run'.
23 error Make sure you have the latest version of node.js and npm installed.
23 error If you do, this is most likely a problem with the node-sockjs-react-chat package,
23 error not with npm itself.
23 error Tell the author that this fails on your system:
23 error     NODE_ENV=production npm run production-build && npm run production-run
23 error You can get information on how to open an issue for this project with:
23 error     npm bugs node-sockjs-react-chat
23 error Or if that isn't available, you can get their info via:
23 error     npm owner ls node-sockjs-react-chat
23 error There is likely additional logging output above.
24 verbose exit [ 1, true ]
